# JRE version: OpenJDK Runtime Environment (11.0.5+10) (build 11.0.5+10-b520.38)
# Java VM: OpenJDK 64-Bit Server VM (11.0.5+10-b520.38, mixed mode, sharing, tiered, compressed oops, g1 gc, windows-amd64)
Heap:
 garbage-first heap   total 210944K, used 32256K [0x0000000082e00000, 0x0000000100000000)
  region size 1024K, 12 young (12288K), 12 survivors (12288K)
 Metaspace       used 50053K, capacity 51558K, committed 51888K, reserved 1093632K
  class space    used 6957K, capacity 7555K, committed 7680K, reserved 1048576K
GC Heap History (17 events):
Event: 0.954 GC heap before
{Heap before GC invocations=0 (full 0):
 garbage-first heap   total 129024K, used 24576K [0x0000000082e00000, 0x0000000100000000)
  region size 1024K, 24 young (24576K), 0 survivors (0K)
 Metaspace       used 6263K, capacity 6595K, committed 6912K, reserved 1056768K
  class space    used 780K, capacity 912K, committed 1024K, reserved 1048576K
}
Event: 0.962 GC heap after
{Heap after GC invocations=1 (full 0):
 garbage-first heap   total 129024K, used 7515K [0x0000000082e00000, 0x0000000100000000)
  region size 1024K, 3 young (3072K), 3 survivors (3072K)
 Metaspace       used 6263K, capacity 6595K, committed 6912K, reserved 1056768K
  class space    used 780K, capacity 912K, committed 1024K, reserved 1048576K
}
Event: 1.258 GC heap before
{Heap before GC invocations=1 (full 0):
 garbage-first heap   total 129024K, used 37211K [0x0000000082e00000, 0x0000000100000000)
  region size 1024K, 33 young (33792K), 3 survivors (3072K)
 Metaspace       used 10905K, capacity 11532K, committed 11776K, reserved 1058816K
  class space    used 1480K, capacity 1712K, committed 1792K, reserved 1048576K
}
Event: 1.264 GC heap after
{Heap after GC invocations=2 (full 0):
 garbage-first heap   total 129024K, used 9270K [0x0000000082e00000, 0x0000000100000000)
  region size 1024K, 2 young (2048K), 2 survivors (2048K)
 Metaspace       used 10905K, capacity 11532K, committed 11776K, reserved 1058816K
  class space    used 1480K, capacity 1712K, committed 1792K, reserved 1048576K
}
Event: 1.530 GC heap before
{Heap before GC invocations=2 (full 0):
 garbage-first heap   total 129024K, used 52278K [0x0000000082e00000, 0x0000000100000000)
  region size 1024K, 45 young (46080K), 2 survivors (2048K)
 Metaspace       used 17070K, capacity 17813K, committed 18048K, reserved 1064960K
  class space    used 2350K, capacity 2653K, committed 2688K, reserved 1048576K
}
Event: 1.537 GC heap after
{Heap after GC invocations=3 (full 0):
 garbage-first heap   total 129024K, used 10774K [0x0000000082e00000, 0x0000000100000000)
  region size 1024K, 4 young (4096K), 4 survivors (4096K)
 Metaspace       used 17070K, capacity 17813K, committed 18048K, reserved 1064960K
  class space    used 2350K, capacity 2653K, committed 2688K, reserved 1048576K
}
Event: 1.822 GC heap before
{Heap before GC invocations=3 (full 0):
 garbage-first heap   total 129024K, used 66070K [0x0000000082e00000, 0x0000000100000000)
  region size 1024K, 59 young (60416K), 4 survivors (4096K)
 Metaspace       used 18736K, capacity 19511K, committed 19584K, reserved 1067008K
  class space    used 2567K, capacity 2899K, committed 2944K, reserved 1048576K
}
Event: 1.831 GC heap after
{Heap after GC invocations=4 (full 0):
 garbage-first heap   total 129024K, used 11654K [0x0000000082e00000, 0x0000000100000000)
  region size 1024K, 4 young (4096K), 4 survivors (4096K)
 Metaspace       used 18736K, capacity 19511K, committed 19584K, reserved 1067008K
  class space    used 2567K, capacity 2899K, committed 2944K, reserved 1048576K
}
Event: 2.308 GC heap before
{Heap before GC invocations=4 (full 0):
 garbage-first heap   total 129024K, used 56710K [0x0000000082e00000, 0x0000000100000000)
  region size 1024K, 49 young (50176K), 4 survivors (4096K)
 Metaspace       used 20240K, capacity 21115K, committed 21296K, reserved 1067008K
  class space    used 2776K, capacity 3130K, committed 3200K, reserved 1048576K
}
Event: 2.324 GC heap after
{Heap after GC invocations=5 (full 0):
 garbage-first heap   total 155648K, used 13385K [0x0000000082e00000, 0x0000000100000000)
  region size 1024K, 6 young (6144K), 6 survivors (6144K)
 Metaspace       used 20240K, capacity 21115K, committed 21296K, reserved 1067008K
  class space    used 2776K, capacity 3130K, committed 3200K, reserved 1048576K
}
Event: 3.384 GC heap before
{Heap before GC invocations=6 (full 0):
 garbage-first heap   total 155648K, used 93257K [0x0000000082e00000, 0x0000000100000000)
  region size 1024K, 85 young (87040K), 6 survivors (6144K)
 Metaspace       used 26640K, capacity 27741K, committed 27824K, reserved 1073152K
  class space    used 3621K, capacity 4072K, committed 4096K, reserved 1048576K
}
Event: 3.408 GC heap after
{Heap after GC invocations=7 (full 0):
 garbage-first heap   total 155648K, used 17106K [0x0000000082e00000, 0x0000000100000000)
  region size 1024K, 10 young (10240K), 10 survivors (10240K)
 Metaspace       used 26640K, capacity 27741K, committed 27824K, reserved 1073152K
  class space    used 3621K, capacity 4072K, committed 4096K, reserved 1048576K
}
Event: 4.206 GC heap before
{Heap before GC invocations=7 (full 0):
 garbage-first heap   total 155648K, used 96978K [0x0000000082e00000, 0x0000000100000000)
  region size 1024K, 90 young (92160K), 10 survivors (10240K)
 Metaspace       used 34494K, capacity 35666K, committed 35888K, reserved 1079296K
  class space    used 4762K, capacity 5237K, committed 5248K, reserved 1048576K
}
Event: 4.228 GC heap after
{Heap after GC invocations=8 (full 0):
 garbage-first heap   total 155648K, used 21376K [0x0000000082e00000, 0x0000000100000000)
  region size 1024K, 10 young (10240K), 10 survivors (10240K)
 Metaspace       used 34494K, capacity 35666K, committed 35888K, reserved 1079296K
  class space    used 4762K, capacity 5237K, committed 5248K, reserved 1048576K
}
Event: 5.471 GC heap before
{Heap before GC invocations=9 (full 0):
 garbage-first heap   total 155648K, used 104320K [0x0000000082e00000, 0x0000000100000000)
  region size 1024K, 91 young (93184K), 10 survivors (10240K)
 Metaspace       used 47007K, capacity 48457K, committed 48816K, reserved 1091584K
  class space    used 6511K, capacity 7060K, committed 7168K, reserved 1048576K
}
Event: 5.486 GC heap after
{Heap after GC invocations=10 (full 0):
 garbage-first heap   total 155648K, used 26214K [0x0000000082e00000, 0x0000000100000000)
  region size 1024K, 10 young (10240K), 10 survivors (10240K)
 Metaspace       used 47007K, capacity 48457K, committed 48816K, reserved 1091584K
  class space    used 6511K, capacity 7060K, committed 7168K, reserved 1048576K
}
Event: 6.458 GC heap before
{Heap before GC invocations=10 (full 0):
 garbage-first heap   total 155648K, used 109158K [0x0000000082e00000, 0x0000000100000000)
  region size 1024K, 91 young (93184K), 10 survivors (10240K)
 Metaspace       used 50053K, capacity 51558K, committed 51888K, reserved 1093632K
  class space    used 6957K, capacity 7555K, committed 7680K, reserved 1048576K
}

