# JRE version: OpenJDK Runtime Environment (11.0.5+10) (build 11.0.5+10-b520.38)
# Java VM: OpenJDK 64-Bit Server VM (11.0.5+10-b520.38, mixed mode, sharing, tiered, compressed oops, g1 gc, windows-amd64)
Heap:
 garbage-first heap   total 195584K, used 68332K [0x0000000082e00000, 0x0000000100000000)
  region size 1024K, 48 young (49152K), 12 survivors (12288K)
 Metaspace       used 52280K, capacity 53881K, committed 54192K, reserved 1095680K
  class space    used 7221K, capacity 7831K, committed 7936K, reserved 1048576K
GC Heap History (18 events):
Event: 0.720 GC heap before
{Heap before GC invocations=0 (full 0):
 garbage-first heap   total 129024K, used 24576K [0x0000000082e00000, 0x0000000100000000)
  region size 1024K, 24 young (24576K), 0 survivors (0K)
 Metaspace       used 6229K, capacity 6587K, committed 6912K, reserved 1056768K
  class space    used 775K, capacity 909K, committed 1024K, reserved 1048576K
}
Event: 0.726 GC heap after
{Heap after GC invocations=1 (full 0):
 garbage-first heap   total 129024K, used 7549K [0x0000000082e00000, 0x0000000100000000)
  region size 1024K, 3 young (3072K), 3 survivors (3072K)
 Metaspace       used 6229K, capacity 6587K, committed 6912K, reserved 1056768K
  class space    used 775K, capacity 909K, committed 1024K, reserved 1048576K
}
Event: 0.939 GC heap before
{Heap before GC invocations=1 (full 0):
 garbage-first heap   total 129024K, used 39293K [0x0000000082e00000, 0x0000000100000000)
  region size 1024K, 35 young (35840K), 3 survivors (3072K)
 Metaspace       used 10618K, capacity 11075K, committed 11264K, reserved 1058816K
  class space    used 1503K, capacity 1688K, committed 1792K, reserved 1048576K
}
Event: 0.944 GC heap after
{Heap after GC invocations=2 (full 0):
 garbage-first heap   total 129024K, used 9171K [0x0000000082e00000, 0x0000000100000000)
  region size 1024K, 2 young (2048K), 2 survivors (2048K)
 Metaspace       used 10618K, capacity 11075K, committed 11264K, reserved 1058816K
  class space    used 1503K, capacity 1688K, committed 1792K, reserved 1048576K
}
Event: 1.551 GC heap before
{Heap before GC invocations=2 (full 0):
 garbage-first heap   total 129024K, used 55251K [0x0000000082e00000, 0x0000000100000000)
  region size 1024K, 47 young (48128K), 2 survivors (2048K)
 Metaspace       used 16957K, capacity 17645K, committed 17792K, reserved 1064960K
  class space    used 2324K, capacity 2627K, committed 2688K, reserved 1048576K
}
Event: 1.562 GC heap after
{Heap after GC invocations=3 (full 0):
 garbage-first heap   total 129024K, used 10807K [0x0000000082e00000, 0x0000000100000000)
  region size 1024K, 4 young (4096K), 4 survivors (4096K)
 Metaspace       used 16957K, capacity 17645K, committed 17792K, reserved 1064960K
  class space    used 2324K, capacity 2627K, committed 2688K, reserved 1048576K
}
Event: 1.766 GC heap before
{Heap before GC invocations=3 (full 0):
 garbage-first heap   total 129024K, used 70199K [0x0000000082e00000, 0x0000000100000000)
  region size 1024K, 63 young (64512K), 4 survivors (4096K)
 Metaspace       used 18956K, capacity 19758K, committed 19840K, reserved 1067008K
  class space    used 2596K, capacity 2936K, committed 2944K, reserved 1048576K
}
Event: 1.771 GC heap after
{Heap after GC invocations=4 (full 0):
 garbage-first heap   total 129024K, used 12052K [0x0000000082e00000, 0x0000000100000000)
  region size 1024K, 5 young (5120K), 5 survivors (5120K)
 Metaspace       used 18956K, capacity 19758K, committed 19840K, reserved 1067008K
  class space    used 2596K, capacity 2936K, committed 2944K, reserved 1048576K
}
Event: 2.054 GC heap before
{Heap before GC invocations=4 (full 0):
 garbage-first heap   total 129024K, used 49940K [0x0000000082e00000, 0x0000000100000000)
  region size 1024K, 43 young (44032K), 5 survivors (5120K)
 Metaspace       used 20258K, capacity 21117K, committed 21296K, reserved 1067008K
  class space    used 2783K, capacity 3130K, committed 3200K, reserved 1048576K
}
Event: 2.064 GC heap after
{Heap after GC invocations=5 (full 0):
 garbage-first heap   total 155648K, used 13458K [0x0000000082e00000, 0x0000000100000000)
  region size 1024K, 6 young (6144K), 6 survivors (6144K)
 Metaspace       used 20258K, capacity 21117K, committed 21296K, reserved 1067008K
  class space    used 2783K, capacity 3130K, committed 3200K, reserved 1048576K
}
Event: 2.808 GC heap before
{Heap before GC invocations=6 (full 0):
 garbage-first heap   total 155648K, used 99474K [0x0000000082e00000, 0x0000000100000000)
  region size 1024K, 91 young (93184K), 6 survivors (6144K)
 Metaspace       used 26665K, capacity 27807K, committed 28080K, reserved 1073152K
  class space    used 3626K, capacity 4072K, committed 4096K, reserved 1048576K
}
Event: 2.821 GC heap after
{Heap after GC invocations=7 (full 0):
 garbage-first heap   total 155648K, used 17485K [0x0000000082e00000, 0x0000000100000000)
  region size 1024K, 10 young (10240K), 10 survivors (10240K)
 Metaspace       used 26665K, capacity 27807K, committed 28080K, reserved 1073152K
  class space    used 3626K, capacity 4072K, committed 4096K, reserved 1048576K
}
Event: 3.402 GC heap before
{Heap before GC invocations=7 (full 0):
 garbage-first heap   total 155648K, used 93261K [0x0000000082e00000, 0x0000000100000000)
  region size 1024K, 86 young (88064K), 10 survivors (10240K)
 Metaspace       used 34514K, capacity 35668K, committed 35888K, reserved 1079296K
  class space    used 4764K, capacity 5237K, committed 5248K, reserved 1048576K
}
Event: 3.423 GC heap after
{Heap after GC invocations=8 (full 0):
 garbage-first heap   total 155648K, used 21439K [0x0000000082e00000, 0x0000000100000000)
  region size 1024K, 10 young (10240K), 10 survivors (10240K)
 Metaspace       used 34514K, capacity 35668K, committed 35888K, reserved 1079296K
  class space    used 4764K, capacity 5237K, committed 5248K, reserved 1048576K
}
Event: 4.387 GC heap before
{Heap before GC invocations=9 (full 0):
 garbage-first heap   total 155648K, used 103359K [0x0000000082e00000, 0x0000000100000000)
  region size 1024K, 91 young (93184K), 10 survivors (10240K)
 Metaspace       used 47010K, capacity 48465K, committed 48816K, reserved 1091584K
  class space    used 6511K, capacity 7061K, committed 7168K, reserved 1048576K
}
Event: 4.396 GC heap after
{Heap after GC invocations=10 (full 0):
 garbage-first heap   total 155648K, used 25900K [0x0000000082e00000, 0x0000000100000000)
  region size 1024K, 10 young (10240K), 10 survivors (10240K)
 Metaspace       used 47010K, capacity 48465K, committed 48816K, reserved 1091584K
  class space    used 6511K, capacity 7061K, committed 7168K, reserved 1048576K
}
Event: 5.008 GC heap before
{Heap before GC invocations=10 (full 0):
 garbage-first heap   total 155648K, used 108844K [0x0000000082e00000, 0x0000000100000000)
  region size 1024K, 91 young (93184K), 10 survivors (10240K)
 Metaspace       used 50042K, capacity 51545K, committed 51760K, reserved 1093632K
  class space    used 6954K, capacity 7551K, committed 7552K, reserved 1048576K
}
Event: 5.018 GC heap after
{Heap after GC invocations=11 (full 0):
 garbage-first heap   total 195584K, used 32492K [0x0000000082e00000, 0x0000000100000000)
  region size 1024K, 12 young (12288K), 12 survivors (12288K)
 Metaspace       used 50042K, capacity 51545K, committed 51760K, reserved 1093632K
  class space    used 6954K, capacity 7551K, committed 7552K, reserved 1048576K
}

