# JRE version: OpenJDK Runtime Environment (11.0.5+10) (build 11.0.5+10-b520.38)
# Java VM: OpenJDK 64-Bit Server VM (11.0.5+10-b520.38, mixed mode, sharing, tiered, compressed oops, g1 gc, windows-amd64)
Heap:
 garbage-first heap   total 199680K, used 32742K [0x0000000082e00000, 0x0000000100000000)
  region size 1024K, 12 young (12288K), 12 survivors (12288K)
 Metaspace       used 50060K, capacity 51608K, committed 51760K, reserved 1093632K
  class space    used 6955K, capacity 7551K, committed 7552K, reserved 1048576K
GC Heap History (17 events):
Event: 1.219 GC heap before
{Heap before GC invocations=0 (full 0):
 garbage-first heap   total 129024K, used 24576K [0x0000000082e00000, 0x0000000100000000)
  region size 1024K, 24 young (24576K), 0 survivors (0K)
 Metaspace       used 6276K, capacity 6635K, committed 6784K, reserved 1056768K
  class space    used 769K, capacity 878K, committed 896K, reserved 1048576K
}
Event: 1.232 GC heap after
{Heap after GC invocations=1 (full 0):
 garbage-first heap   total 129024K, used 7694K [0x0000000082e00000, 0x0000000100000000)
  region size 1024K, 3 young (3072K), 3 survivors (3072K)
 Metaspace       used 6276K, capacity 6635K, committed 6784K, reserved 1056768K
  class space    used 769K, capacity 878K, committed 896K, reserved 1048576K
}
Event: 1.444 GC heap before
{Heap before GC invocations=1 (full 0):
 garbage-first heap   total 129024K, used 26126K [0x0000000082e00000, 0x0000000100000000)
  region size 1024K, 22 young (22528K), 3 survivors (3072K)
 Metaspace       used 9448K, capacity 10035K, committed 10240K, reserved 1058816K
  class space    used 1238K, capacity 1459K, committed 1536K, reserved 1048576K
}
Event: 1.449 GC heap after
{Heap after GC invocations=2 (full 0):
 garbage-first heap   total 129024K, used 9103K [0x0000000082e00000, 0x0000000100000000)
  region size 1024K, 2 young (2048K), 2 survivors (2048K)
 Metaspace       used 9448K, capacity 10035K, committed 10240K, reserved 1058816K
  class space    used 1238K, capacity 1459K, committed 1536K, reserved 1048576K
}
Event: 1.862 GC heap before
{Heap before GC invocations=2 (full 0):
 garbage-first heap   total 129024K, used 58255K [0x0000000082e00000, 0x0000000100000000)
  region size 1024K, 50 young (51200K), 2 survivors (2048K)
 Metaspace       used 16321K, capacity 17112K, committed 17280K, reserved 1064960K
  class space    used 2256K, capacity 2567K, committed 2688K, reserved 1048576K
}
Event: 1.868 GC heap after
{Heap after GC invocations=3 (full 0):
 garbage-first heap   total 129024K, used 10752K [0x0000000082e00000, 0x0000000100000000)
  region size 1024K, 3 young (3072K), 3 survivors (3072K)
 Metaspace       used 16321K, capacity 17112K, committed 17280K, reserved 1064960K
  class space    used 2256K, capacity 2567K, committed 2688K, reserved 1048576K
}
Event: 2.296 GC heap before
{Heap before GC invocations=3 (full 0):
 garbage-first heap   total 129024K, used 83456K [0x0000000082e00000, 0x0000000100000000)
  region size 1024K, 75 young (76800K), 3 survivors (3072K)
 Metaspace       used 18999K, capacity 19827K, committed 19840K, reserved 1067008K
  class space    used 2608K, capacity 2938K, committed 2944K, reserved 1048576K
}
Event: 2.305 GC heap after
{Heap after GC invocations=4 (full 0):
 garbage-first heap   total 129024K, used 12113K [0x0000000082e00000, 0x0000000100000000)
  region size 1024K, 5 young (5120K), 5 survivors (5120K)
 Metaspace       used 18999K, capacity 19827K, committed 19840K, reserved 1067008K
  class space    used 2608K, capacity 2938K, committed 2944K, reserved 1048576K
}
Event: 2.728 GC heap before
{Heap before GC invocations=4 (full 0):
 garbage-first heap   total 129024K, used 45905K [0x0000000082e00000, 0x0000000100000000)
  region size 1024K, 39 young (39936K), 5 survivors (5120K)
 Metaspace       used 20244K, capacity 21116K, committed 21296K, reserved 1067008K
  class space    used 2782K, capacity 3130K, committed 3200K, reserved 1048576K
}
Event: 2.742 GC heap after
{Heap after GC invocations=5 (full 0):
 garbage-first heap   total 155648K, used 13454K [0x0000000082e00000, 0x0000000100000000)
  region size 1024K, 6 young (6144K), 6 survivors (6144K)
 Metaspace       used 20244K, capacity 21116K, committed 21296K, reserved 1067008K
  class space    used 2782K, capacity 3130K, committed 3200K, reserved 1048576K
}
Event: 3.768 GC heap before
{Heap before GC invocations=6 (full 0):
 garbage-first heap   total 155648K, used 99470K [0x0000000082e00000, 0x0000000100000000)
  region size 1024K, 91 young (93184K), 6 survivors (6144K)
 Metaspace       used 26655K, capacity 27806K, committed 28080K, reserved 1073152K
  class space    used 3624K, capacity 4072K, committed 4096K, reserved 1048576K
}
Event: 3.786 GC heap after
{Heap after GC invocations=7 (full 0):
 garbage-first heap   total 155648K, used 17399K [0x0000000082e00000, 0x0000000100000000)
  region size 1024K, 10 young (10240K), 10 survivors (10240K)
 Metaspace       used 26655K, capacity 27806K, committed 28080K, reserved 1073152K
  class space    used 3624K, capacity 4072K, committed 4096K, reserved 1048576K
}
Event: 4.609 GC heap before
{Heap before GC invocations=7 (full 0):
 garbage-first heap   total 155648K, used 91127K [0x0000000082e00000, 0x0000000100000000)
  region size 1024K, 84 young (86016K), 10 survivors (10240K)
 Metaspace       used 34533K, capacity 35667K, committed 35888K, reserved 1079296K
  class space    used 4773K, capacity 5237K, committed 5248K, reserved 1048576K
}
Event: 4.639 GC heap after
{Heap after GC invocations=8 (full 0):
 garbage-first heap   total 155648K, used 21572K [0x0000000082e00000, 0x0000000100000000)
  region size 1024K, 10 young (10240K), 10 survivors (10240K)
 Metaspace       used 34533K, capacity 35667K, committed 35888K, reserved 1079296K
  class space    used 4773K, capacity 5237K, committed 5248K, reserved 1048576K
}
Event: 5.900 GC heap before
{Heap before GC invocations=9 (full 0):
 garbage-first heap   total 155648K, used 104516K [0x0000000082e00000, 0x0000000100000000)
  region size 1024K, 91 young (93184K), 10 survivors (10240K)
 Metaspace       used 47021K, capacity 48470K, committed 48816K, reserved 1091584K
  class space    used 6512K, capacity 7062K, committed 7168K, reserved 1048576K
}
Event: 5.911 GC heap after
{Heap after GC invocations=10 (full 0):
 garbage-first heap   total 155648K, used 26626K [0x0000000082e00000, 0x0000000100000000)
  region size 1024K, 10 young (10240K), 10 survivors (10240K)
 Metaspace       used 47021K, capacity 48470K, committed 48816K, reserved 1091584K
  class space    used 6512K, capacity 7062K, committed 7168K, reserved 1048576K
}
Event: 6.650 GC heap before
{Heap before GC invocations=10 (full 0):
 garbage-first heap   total 155648K, used 109570K [0x0000000082e00000, 0x0000000100000000)
  region size 1024K, 91 young (93184K), 10 survivors (10240K)
 Metaspace       used 50060K, capacity 51608K, committed 51760K, reserved 1093632K
  class space    used 6955K, capacity 7551K, committed 7552K, reserved 1048576K
}

